<?xml version="1.0" encoding="UTF-8"?>
<!-- Generated by org.testng.reporters.JUnitReportReporter -->
<testsuite skipped="0" hostname="CPT-AA191158" name="com.ilab.test.HomePage_Test" tests="1" failures="0" timestamp="10 Feb 2020 16:00:28 GMT" time="0.040" errors="0">
  <testcase name="verifyHomePage" time="0.040" classname="com.ilab.test.HomePage_Test"/>
</testsuite> <!-- com.ilab.test.HomePage_Test -->
