<?xml version="1.0" encoding="UTF-8"?>
<!-- Generated by org.testng.reporters.JUnitReportReporter -->
<testsuite skipped="0" hostname="CPT-AA191158" name="com.ilab.test.Careers_Test" tests="1" failures="0" timestamp="10 Feb 2020 16:00:28 GMT" time="6.064" errors="0">
  <testcase name="verifyCareersPage" time="6.064" classname="com.ilab.test.Careers_Test"/>
</testsuite> <!-- com.ilab.test.Careers_Test -->
